[0.000000] (-) TimerEvent: {}
[0.000095] (auto_nav) JobQueued: {'identifier': 'auto_nav', 'dependencies': OrderedDict()}
[0.000146] (auto_nav) JobStarted: {'identifier': 'auto_nav'}
[0.099392] (-) TimerEvent: {}
[0.200115] (-) TimerEvent: {}
[0.217941] (auto_nav) Command: {'cmd': ['/usr/bin/python3', 'setup.py', 'egg_info', '--egg-base', 'build/auto_nav', 'build', '--build-base', '/home/yanjia1777/colcon_ws/src/auto_nav/auto_nav/build/auto_nav/build', 'install', '--prefix', '/home/yanjia1777/colcon_ws/src/auto_nav/auto_nav/install/auto_nav', '--record', '/home/yanjia1777/colcon_ws/src/auto_nav/auto_nav/build/auto_nav/install.log', '--single-version-externally-managed'], 'cwd': '/home/yanjia1777/colcon_ws/src/auto_nav/auto_nav', 'env': {'USER': 'yanjia1777', 'LC_TIME': 'ms_MY.UTF-8', 'SSH_AGENT_PID': '1082', 'XDG_SESSION_TYPE': 'x11', 'SHLVL': '1', 'LD_LIBRARY_PATH': '/usr/lib/x86_64-linux-gnu/gazebo-11/plugins:/opt/ros/foxy/opt/yaml_cpp_vendor/lib:/opt/ros/foxy/opt/rviz_ogre_vendor/lib:/opt/ros/foxy/lib/x86_64-linux-gnu:/opt/ros/foxy/lib', 'HOME': '/home/yanjia1777', 'OLDPWD': '/home/yanjia1777', 'DESKTOP_SESSION': 'ubuntu', 'ROS_PYTHON_VERSION': '3', 'GNOME_SHELL_SESSION_MODE': 'ubuntu', 'GTK_MODULES': 'gail:atk-bridge', 'LC_MONETARY': 'ms_MY.UTF-8', 'MANAGERPID': '821', 'DBUS_SESSION_BUS_ADDRESS': 'unix:path=/run/user/1000/bus', 'COLORTERM': 'truecolor', 'IM_CONFIG_PHASE': '1', 'COLCON_PREFIX_PATH': '/home/yanjia1777/colcon_ws/install', 'ROS_DISTRO': 'foxy', 'LOGNAME': 'yanjia1777', 'JOURNAL_STREAM': '8:32763', '_': '/usr/bin/colcon', 'ROS_VERSION': '2', 'XDG_SESSION_CLASS': 'user', 'USERNAME': 'yanjia1777', 'TERM': 'xterm-256color', 'GNOME_DESKTOP_SESSION_ID': 'this-is-deprecated', 'ROS_LOCALHOST_ONLY': '0', 'WINDOWPATH': '2', 'PATH': '/opt/ros/foxy/bin:/usr/local/sbin:/usr/local/bin:/usr/sbin:/usr/bin:/sbin:/bin:/usr/games:/usr/local/games:/snap/bin', 'SESSION_MANAGER': 'local/yanjia1777-ZenBook-UX533FD-UX533FD:@/tmp/.ICE-unix/1125,unix/yanjia1777-ZenBook-UX533FD-UX533FD:/tmp/.ICE-unix/1125', 'INVOCATION_ID': 'c0099e0f80134871b43c4bef7bfabac7', 'XDG_MENU_PREFIX': 'gnome-', 'LC_ADDRESS': 'ms_MY.UTF-8', 'GNOME_TERMINAL_SCREEN': '/org/gnome/Terminal/screen/2fc775aa_6cb5_42a4_a6dd_5bd189a2ad54', 'XDG_RUNTIME_DIR': '/run/user/1000', 'DISPLAY': ':0', 'LANG': 'en_US.UTF-8', 'XDG_CURRENT_DESKTOP': 'ubuntu:GNOME', 'LC_TELEPHONE': 'ms_MY.UTF-8', 'XMODIFIERS': '@im=ibus', 'XDG_SESSION_DESKTOP': 'ubuntu', 'XAUTHORITY': '/run/user/1000/gdm/Xauthority', 'GNOME_TERMINAL_SERVICE': ':1.252', 'SSH_AUTH_SOCK': '/run/user/1000/keyring/ssh', 'ROS_DOMAIN_ID': '36', 'AMENT_PREFIX_PATH': '/home/yanjia1777/colcon_ws/install/py_pubsub:/home/yanjia1777/colcon_ws/install/auto_nav:/opt/ros/foxy', 'SHELL': '/bin/bash', 'LC_NAME': 'ms_MY.UTF-8', 'QT_ACCESSIBILITY': '1', 'GDMSESSION': 'ubuntu', 'LC_MEASUREMENT': 'ms_MY.UTF-8', 'GPG_AGENT_INFO': '/run/user/1000/gnupg/S.gpg-agent:0:1', 'LC_IDENTIFICATION': 'ms_MY.UTF-8', 'QT_IM_MODULE': 'ibus', 'PWD': '/home/yanjia1777/colcon_ws/src/auto_nav/auto_nav/build/auto_nav', 'TURTLEBOT3_MODEL': 'burger', 'LC_ALL': 'en_US.UTF-8', 'XDG_CONFIG_DIRS': '/etc/xdg/xdg-ubuntu:/etc/xdg', 'XDG_DATA_DIRS': '/usr/share/ubuntu:/usr/local/share/:/usr/share/:/var/lib/snapd/desktop', 'PYTHONPATH': '/home/yanjia1777/colcon_ws/src/auto_nav/auto_nav/install/auto_nav/lib/python3.8/site-packages:/home/yanjia1777/colcon_ws/install/py_pubsub/lib/python3.8/site-packages:/home/yanjia1777/colcon_ws/install/auto_nav/lib/python3.8/site-packages:/opt/ros/foxy/lib/python3.8/site-packages', 'LC_NUMERIC': 'ms_MY.UTF-8', 'LC_PAPER': 'ms_MY.UTF-8', 'COLCON': '1', 'VTE_VERSION': '6003'}, 'shell': False}
[0.300251] (-) TimerEvent: {}
[0.383972] (auto_nav) StdoutLine: {'line': b'running egg_info\n'}
[0.384360] (auto_nav) StdoutLine: {'line': b'creating build/auto_nav/auto_nav.egg-info\n'}
[0.384637] (auto_nav) StdoutLine: {'line': b'writing build/auto_nav/auto_nav.egg-info/PKG-INFO\n'}
[0.384837] (auto_nav) StdoutLine: {'line': b'writing dependency_links to build/auto_nav/auto_nav.egg-info/dependency_links.txt\n'}
[0.385131] (auto_nav) StdoutLine: {'line': b'writing entry points to build/auto_nav/auto_nav.egg-info/entry_points.txt\n'}
[0.385228] (auto_nav) StdoutLine: {'line': b'writing requirements to build/auto_nav/auto_nav.egg-info/requires.txt\n'}
[0.385280] (auto_nav) StdoutLine: {'line': b'writing top-level names to build/auto_nav/auto_nav.egg-info/top_level.txt\n'}
[0.385978] (auto_nav) StdoutLine: {'line': b"writing manifest file 'build/auto_nav/auto_nav.egg-info/SOURCES.txt'\n"}
[0.400359] (-) TimerEvent: {}
[0.408687] (auto_nav) StderrLine: {'line': b"error: package directory 'auto_nav' does not exist\n"}
[0.420830] (auto_nav) CommandEnded: {'returncode': 1}
[0.421146] (auto_nav) JobEnded: {'identifier': 'auto_nav', 'rc': 1}
[0.431470] (-) EventReactorShutdown: {}
