[0.000000] (-) TimerEvent: {}
[0.000190] (auto_nav) JobQueued: {'identifier': 'auto_nav', 'dependencies': OrderedDict()}
[0.000235] (auto_nav) JobStarted: {'identifier': 'auto_nav'}
[0.098791] (-) TimerEvent: {}
[0.199209] (-) TimerEvent: {}
[0.295387] (auto_nav) Command: {'cmd': ['/usr/bin/python3', 'setup.py', 'egg_info', '--egg-base', 'build/auto_nav', 'build', '--build-base', '/home/yanjia1777/colcon_ws/src/auto_nav/auto_nav/build/auto_nav/build', 'install', '--prefix', '/home/yanjia1777/colcon_ws/src/auto_nav/auto_nav/install/auto_nav', '--record', '/home/yanjia1777/colcon_ws/src/auto_nav/auto_nav/build/auto_nav/install.log', '--single-version-externally-managed'], 'cwd': '/home/yanjia1777/colcon_ws/src/auto_nav/auto_nav', 'env': {'CONDA_PROMPT_MODIFIER': '(base)', 'USER': 'yanjia1777', 'LC_TIME': 'ms_MY.UTF-8', 'SSH_AGENT_PID': '1096', 'XDG_SESSION_TYPE': 'x11', 'SHLVL': '1', 'LD_LIBRARY_PATH': '/usr/lib/x86_64-linux-gnu/gazebo-11/plugins:/opt/ros/foxy/opt/yaml_cpp_vendor/lib:/opt/ros/foxy/opt/rviz_ogre_vendor/lib:/opt/ros/foxy/lib/x86_64-linux-gnu:/opt/ros/foxy/lib', 'HOME': '/home/yanjia1777', 'CONDA_SHLVL': '1', 'OLDPWD': '/home/yanjia1777/colcon_ws/src/auto_nav', 'DESKTOP_SESSION': 'ubuntu', 'ROS_PYTHON_VERSION': '3', 'GNOME_SHELL_SESSION_MODE': 'ubuntu', 'GTK_MODULES': 'gail:atk-bridge', 'LC_MONETARY': 'ms_MY.UTF-8', 'MANAGERPID': '837', 'DBUS_SESSION_BUS_ADDRESS': 'unix:path=/run/user/1000/bus', 'COLORTERM': 'truecolor', '_CE_M': '', 'IM_CONFIG_PHASE': '1', 'COLCON_PREFIX_PATH': '/home/yanjia1777/colcon_ws/install', 'ROS_DISTRO': 'foxy', 'LOGNAME': 'yanjia1777', 'JOURNAL_STREAM': '8:35505', '_': '/usr/bin/colcon', 'ROS_VERSION': '2', 'XDG_SESSION_CLASS': 'user', 'USERNAME': 'yanjia1777', 'TERM': 'xterm-256color', 'GAZEBO_MODEL_PATH': '/home/yanjia1777/colcon_ws/src/turtlebot3_simulations/turtlebot3_gazebo/models', 'GNOME_DESKTOP_SESSION_ID': 'this-is-deprecated', '_CE_CONDA': '', 'ROS_LOCALHOST_ONLY': '0', 'WINDOWPATH': '2', 'PATH': '/home/yanjia1777/miniconda3/bin:/home/yanjia1777/miniconda3/condabin:/opt/ros/foxy/bin:/usr/local/sbin:/usr/local/bin:/usr/sbin:/usr/bin:/sbin:/bin:/usr/games:/usr/local/games:/snap/bin', 'SESSION_MANAGER': 'local/yanjia1777-ZenBook-UX533FD-UX533FD:@/tmp/.ICE-unix/1139,unix/yanjia1777-ZenBook-UX533FD-UX533FD:/tmp/.ICE-unix/1139', 'INVOCATION_ID': '8c4d19c4a6dd45deae6e6b64ea12993d', 'XDG_MENU_PREFIX': 'gnome-', 'LC_ADDRESS': 'ms_MY.UTF-8', 'GNOME_TERMINAL_SCREEN': '/org/gnome/Terminal/screen/2da7fc72_d3df_40e1_8780_3862a3d051ff', 'XDG_RUNTIME_DIR': '/run/user/1000', 'DISPLAY': ':0', 'LANG': 'en_US.UTF-8', 'XDG_CURRENT_DESKTOP': 'ubuntu:GNOME', 'LC_TELEPHONE': 'ms_MY.UTF-8', 'XMODIFIERS': '@im=ibus', 'XDG_SESSION_DESKTOP': 'ubuntu', 'XAUTHORITY': '/run/user/1000/gdm/Xauthority', 'GNOME_TERMINAL_SERVICE': ':1.158', 'SSH_AUTH_SOCK': '/run/user/1000/keyring/ssh', 'ROS_DOMAIN_ID': '36', 'AMENT_PREFIX_PATH': '/home/yanjia1777/colcon_ws/install/turtlebot3_simulations:/home/yanjia1777/colcon_ws/install/turtlebot3_gazebo:/home/yanjia1777/colcon_ws/install/turtlebot3_fake_node:/home/yanjia1777/colcon_ws/install/py_pubsub:/home/yanjia1777/colcon_ws/install/auto_nav:/opt/ros/foxy', 'CONDA_PYTHON_EXE': '/home/yanjia1777/miniconda3/bin/python', 'SHELL': '/bin/bash', 'LC_NAME': 'ms_MY.UTF-8', 'QT_ACCESSIBILITY': '1', 'GDMSESSION': 'ubuntu', 'CONDA_DEFAULT_ENV': 'base', 'LC_MEASUREMENT': 'ms_MY.UTF-8', 'GPG_AGENT_INFO': '/run/user/1000/gnupg/S.gpg-agent:0:1', 'LC_IDENTIFICATION': 'ms_MY.UTF-8', 'QT_IM_MODULE': 'ibus', 'PWD': '/home/yanjia1777/colcon_ws/src/auto_nav/auto_nav/build/auto_nav', 'TURTLEBOT3_MODEL': 'burger', 'LC_ALL': 'en_US.UTF-8', 'XDG_CONFIG_DIRS': '/etc/xdg/xdg-ubuntu:/etc/xdg', 'CONDA_EXE': '/home/yanjia1777/miniconda3/bin/conda', 'XDG_DATA_DIRS': '/usr/share/ubuntu:/usr/local/share/:/usr/share/:/var/lib/snapd/desktop', 'PYTHONPATH': '/home/yanjia1777/colcon_ws/src/auto_nav/auto_nav/install/auto_nav/lib/python3.8/site-packages:/home/yanjia1777/colcon_ws/install/py_pubsub/lib/python3.8/site-packages:/home/yanjia1777/colcon_ws/install/auto_nav/lib/python3.8/site-packages:/opt/ros/foxy/lib/python3.8/site-packages', 'LC_NUMERIC': 'ms_MY.UTF-8', 'CONDA_PREFIX': '/home/yanjia1777/miniconda3', 'LC_PAPER': 'ms_MY.UTF-8', 'COLCON': '1', 'VTE_VERSION': '6003', 'CMAKE_PREFIX_PATH': '/home/yanjia1777/colcon_ws/install/turtlebot3_simulations:/home/yanjia1777/colcon_ws/install/turtlebot3_gazebo:/home/yanjia1777/colcon_ws/install/turtlebot3_fake_node'}, 'shell': False}
[0.300118] (-) TimerEvent: {}
[0.400437] (-) TimerEvent: {}
[0.500732] (-) TimerEvent: {}
[0.554393] (auto_nav) StdoutLine: {'line': b'running egg_info\n'}
[0.555038] (auto_nav) StdoutLine: {'line': b'writing build/auto_nav/auto_nav.egg-info/PKG-INFO\n'}
[0.555766] (auto_nav) StdoutLine: {'line': b'writing dependency_links to build/auto_nav/auto_nav.egg-info/dependency_links.txt\n'}
[0.556001] (auto_nav) StdoutLine: {'line': b'writing entry points to build/auto_nav/auto_nav.egg-info/entry_points.txt\n'}
[0.556119] (auto_nav) StdoutLine: {'line': b'writing requirements to build/auto_nav/auto_nav.egg-info/requires.txt\n'}
[0.556334] (auto_nav) StdoutLine: {'line': b'writing top-level names to build/auto_nav/auto_nav.egg-info/top_level.txt\n'}
[0.594474] (auto_nav) StderrLine: {'line': b"error: package directory 'auto_nav' does not exist\n"}
[0.600864] (-) TimerEvent: {}
[0.621379] (auto_nav) CommandEnded: {'returncode': 1}
[0.621943] (auto_nav) JobEnded: {'identifier': 'auto_nav', 'rc': 1}
[0.632068] (-) EventReactorShutdown: {}
